2020-07-29 22:03:09.713 | INFO     | httprunner.runner:test_start:451 - Start to run testcase: tulingTest, TestCase ID: d2a42c6a-7809-4bdb-a66f-554b21331170
2020-07-29 22:03:09.714 | INFO     | httprunner.runner:__run_step:292 - run step begin: Í¼Áé½Ó¿Ú²âÊÔ >>>>>>
2020-07-29 22:03:09.831 | DEBUG    | httprunner.client:request:186 - client IP: 192.168.1.2, Port: 49846
2020-07-29 22:03:09.835 | DEBUG    | httprunner.client:request:194 - server IP: 47.95.179.180, Port: 80
2020-07-29 22:03:09.841 | DEBUG    | httprunner.client:log_print:40 - 
================== request details ==================
method   : POST
url      : http://www.tuling123.com/openapi/api
headers  : {
    "User-Agent": "python-requests/2.23.0",
    "Accept-Encoding": "gzip, deflate",
    "Accept": "*/*",
    "Connection": "keep-alive",
    "Content-Type": "application/json",
    "HRUN-Request-ID": "HRUN-d2a42c6a-7809-4bdb-a66f-554b21331170-389715",
    "Content-Length": "99"
}
cookies  : {}
body     : {
    "info": "\u4f60\u53eb\u4ec0\u4e48",
    "key": "8fe3b232710c4c0d87b761ed5301e7a4",
    "userid": "123456"
}

2020-07-29 22:03:09.846 | DEBUG    | httprunner.client:log_print:40 - 
================== response details ==================
status_code : 200
headers  : {
    "Date": "Wed, 29 Jul 2020 14:03:09 GMT",
    "Content-Type": "text/plain; charset=UTF-8",
    "Transfer-Encoding": "chunked",
    "Connection": "keep-alive",
    "Vary": "Accept-Encoding",
    "globalId": "122617218982110372",
    "Content-Encoding": "gzip"
}
cookies  : {}
encoding : UTF-8
content_type : text/plain; charset=UTF-8
body     : {
    "code": 100000,
    "text": "\u6211\u662f\u68d2\u68d2\u54d2\u56fe\u7075\u673a\u5668\u4eba"
}

2020-07-29 22:03:09.847 | INFO     | httprunner.client:request:218 - status_code: 200, response_time(ms): 115.76 ms, response_length: 0 bytes
2020-07-29 22:03:09.848 | INFO     | httprunner.response:validate:246 - assert status_code equal 200(int)	==> pass
2020-07-29 22:03:09.848 | INFO     | httprunner.response:validate:246 - assert body.text equal ÎÒÊÇ°ô°ôßÕÍ¼Áé»úÆ÷ÈË(str)	==> pass
2020-07-29 22:03:09.849 | INFO     | httprunner.response:validate:246 - assert body.code equal 100000(int)	==> pass
2020-07-29 22:03:09.850 | INFO     | httprunner.runner:__run_step:304 - run step end: Í¼Áé½Ó¿Ú²âÊÔ <<<<<<

